  [group]     test 65 hunk(s) -> PASS: hunk_0001.patch + hunk_0002.patch + hunk_0003.patch + hunk_0004.patch + hunk_0005.patch + hunk_0006.patch + hunk_0007.patch + hunk_0008.patch + hunk_0009.patch + hunk_0010.patch + hunk_0011.patch + hunk_0012.patch + hunk_0013.patch + hunk_0014.patch + hunk_0015.patch + hunk_0016.patch + hunk_0018.patch + hunk_0019.patch + hunk_0020.patch + hunk_0030.patch + hunk_0031.patch + hunk_0032.patch + hunk_0033.patch + hunk_0034.patch + hunk_0035.patch + hunk_0036.patch + hunk_0037.patch + hunk_0038.patch + hunk_0039.patch + hunk_0040.patch + hunk_0041.patch + hunk_0042.patch + hunk_0043.patch + hunk_0044.patch + hunk_0045.patch + hunk_0046.patch + hunk_0047.patch + hunk_0048.patch + hunk_0049.patch + hunk_0050.patch + hunk_0051.patch + hunk_0052.patch + hunk_0053.patch + hunk_0054.patch + hunk_0055.patch + hunk_0056.patch + hunk_0057.patch + hunk_0058.patch + hunk_0059.patch + hunk_0060.patch + hunk_0061.patch + hunk_0062.patch + hunk_0063.patch + hunk_0064.patch + hunk_0065.patch + hunk_0066.patch + hunk_0067.patch + hunk_0068.patch + hunk_0069.patch + hunk_0070.patch + hunk_0071.patch + hunk_0072.patch + hunk_0073.patch + hunk_0074.patch + hunk_0075.patch
  [group]     test 33 hunk(s) -> fail
  [group]     test 32 hunk(s) -> fail
  [group]     test 32 hunk(s) -> fail
  [group]     test 33 hunk(s) -> fail
  [group]     test 17 hunk(s) -> fail
  [group]     test 17 hunk(s) -> fail
  [group]     test 17 hunk(s) -> fail
  [group]     test 14 hunk(s) -> fail
  [group]     test 48 hunk(s) -> fail
  [group]     test 48 hunk(s) -> fail
  [group]     test 48 hunk(s) -> fail
  [group]     test 51 hunk(s) -> fail
  [group]     test 9 hunk(s) -> fail
  [group]     test 9 hunk(s) -> fail
  [group]     test 9 hunk(s) -> fail
  [group]     test 9 hunk(s) -> fail
  [group]     test 9 hunk(s) -> fail
  [group]     test 9 hunk(s) -> fail
  [group]     test 9 hunk(s) -> fail
  [group]     test 2 hunk(s) -> fail
  [group]     test 56 hunk(s) -> fail
  [group]     test 56 hunk(s) -> fail
  [group]     test 56 hunk(s) -> fail
  [group]     test 56 hunk(s) -> fail
  [group]     test 56 hunk(s) -> fail
  [group]     test 56 hunk(s) -> fail
  [group]     test 56 hunk(s) -> fail
  [group]     test 63 hunk(s) -> PASS: hunk_0001.patch + hunk_0002.patch + hunk_0003.patch + hunk_0004.patch + hunk_0005.patch + hunk_0006.patch + hunk_0007.patch + hunk_0008.patch + hunk_0009.patch + hunk_0010.patch + hunk_0011.patch + hunk_0012.patch + hunk_0013.patch + hunk_0014.patch + hunk_0015.patch + hunk_0016.patch + hunk_0018.patch + hunk_0019.patch + hunk_0020.patch + hunk_0030.patch + hunk_0031.patch + hunk_0032.patch + hunk_0033.patch + hunk_0034.patch + hunk_0035.patch + hunk_0036.patch + hunk_0037.patch + hunk_0038.patch + hunk_0039.patch + hunk_0040.patch + hunk_0041.patch + hunk_0042.patch + hunk_0043.patch + hunk_0044.patch + hunk_0045.patch + hunk_0046.patch + hunk_0047.patch + hunk_0048.patch + hunk_0049.patch + hunk_0050.patch + hunk_0051.patch + hunk_0052.patch + hunk_0053.patch + hunk_0054.patch + hunk_0055.patch + hunk_0056.patch + hunk_0057.patch + hunk_0058.patch + hunk_0059.patch + hunk_0060.patch + hunk_0061.patch + hunk_0062.patch + hunk_0063.patch + hunk_0064.patch + hunk_0065.patch + hunk_0066.patch + hunk_0067.patch + hunk_0068.patch + hunk_0069.patch + hunk_0070.patch + hunk_0071.patch + hunk_0072.patch + hunk_0073.patch
  [group]     test 9 hunk(s) -> fail
  [group]     test 9 hunk(s) -> fail
  [group]     test 9 hunk(s) -> fail
  [group]     test 9 hunk(s) -> fail
  [group]     test 9 hunk(s) -> fail
  [group]     test 9 hunk(s) -> fail
  [group]     test 9 hunk(s) -> fail
  [group]     test 54 hunk(s) -> fail
  [group]     test 54 hunk(s) -> fail
  [group]     test 54 hunk(s) -> fail
  [group]     test 54 hunk(s) -> fail
  [group]     test 54 hunk(s) -> fail
  [group]     test 54 hunk(s) -> fail
  [group]     test 54 hunk(s) -> fail
  [group]     test 5 hunk(s) -> fail
  [group]     test 5 hunk(s) -> fail
  [group]     test 5 hunk(s) -> fail
  [group]     test 5 hunk(s) -> PASS: hunk_0016.patch + hunk_0018.patch + hunk_0019.patch + hunk_0020.patch + hunk_0030.patch
  [group]     test 1 hunk(s) -> fail
  [group]     test 1 hunk(s) -> fail
  [group]     test 1 hunk(s) -> fail
  [group]     test 1 hunk(s) -> fail
  [group]     test 1 hunk(s) -> PASS: hunk_0030.patch
