  [group]     test 39 hunk(s) -> PASS: hunk_0002.patch + hunk_0003.patch + hunk_0005.patch + hunk_0007.patch + hunk_0011.patch + hunk_0012.patch + hunk_0013.patch + hunk_0015.patch + hunk_0031.patch + hunk_0032.patch + hunk_0033.patch + hunk_0034.patch + hunk_0039.patch + hunk_0040.patch + hunk_0042.patch + hunk_0043.patch + hunk_0044.patch + hunk_0045.patch + hunk_0046.patch + hunk_0047.patch + hunk_0048.patch + hunk_0049.patch + hunk_0055.patch + hunk_0058.patch + hunk_0059.patch + hunk_0060.patch + hunk_0061.patch + hunk_0062.patch + hunk_0064.patch + hunk_0065.patch + hunk_0066.patch + hunk_0067.patch + hunk_0068.patch + hunk_0069.patch + hunk_0071.patch + hunk_0072.patch + hunk_0073.patch + hunk_0074.patch + hunk_0075.patch
  [group]     test 20 hunk(s) -> fail
  [group]     test 19 hunk(s) -> fail
  [group]     test 19 hunk(s) -> fail
  [group]     test 20 hunk(s) -> fail
  [group]     test 10 hunk(s) -> fail
  [group]     test 10 hunk(s) -> fail
  [group]     test 10 hunk(s) -> fail
  [group]     test 9 hunk(s) -> fail
  [group]     test 29 hunk(s) -> fail
  [group]     test 29 hunk(s) -> fail
  [group]     test 29 hunk(s) -> fail
  [group]     test 30 hunk(s) -> fail
  [group]     test 5 hunk(s) -> fail
  [group]     test 5 hunk(s) -> fail
  [group]     test 5 hunk(s) -> fail
  [group]     test 5 hunk(s) -> fail
  [group]     test 5 hunk(s) -> fail
  [group]     test 5 hunk(s) -> fail
  [group]     test 5 hunk(s) -> fail
  [group]     test 4 hunk(s) -> fail
  [group]     test 34 hunk(s) -> fail
  [group]     test 34 hunk(s) -> PASS: hunk_0002.patch + hunk_0003.patch + hunk_0005.patch + hunk_0007.patch + hunk_0011.patch + hunk_0033.patch + hunk_0034.patch + hunk_0039.patch + hunk_0040.patch + hunk_0042.patch + hunk_0043.patch + hunk_0044.patch + hunk_0045.patch + hunk_0046.patch + hunk_0047.patch + hunk_0048.patch + hunk_0049.patch + hunk_0055.patch + hunk_0058.patch + hunk_0059.patch + hunk_0060.patch + hunk_0061.patch + hunk_0062.patch + hunk_0064.patch + hunk_0065.patch + hunk_0066.patch + hunk_0067.patch + hunk_0068.patch + hunk_0069.patch + hunk_0071.patch + hunk_0072.patch + hunk_0073.patch + hunk_0074.patch + hunk_0075.patch
  [group]     test 5 hunk(s) -> fail
  [group]     test 5 hunk(s) -> fail
  [group]     test 5 hunk(s) -> fail
  [group]     test 5 hunk(s) -> fail
  [group]     test 5 hunk(s) -> fail
  [group]     test 5 hunk(s) -> fail
  [group]     test 4 hunk(s) -> fail
  [group]     test 29 hunk(s) -> fail
  [group]     test 29 hunk(s) -> fail
  [group]     test 29 hunk(s) -> fail
  [group]     test 29 hunk(s) -> fail
  [group]     test 29 hunk(s) -> fail
  [group]     test 29 hunk(s) -> fail
  [group]     test 30 hunk(s) -> PASS: hunk_0002.patch + hunk_0003.patch + hunk_0005.patch + hunk_0007.patch + hunk_0011.patch + hunk_0033.patch + hunk_0034.patch + hunk_0039.patch + hunk_0040.patch + hunk_0042.patch + hunk_0043.patch + hunk_0044.patch + hunk_0045.patch + hunk_0046.patch + hunk_0047.patch + hunk_0048.patch + hunk_0049.patch + hunk_0055.patch + hunk_0058.patch + hunk_0059.patch + hunk_0060.patch + hunk_0061.patch + hunk_0062.patch + hunk_0064.patch + hunk_0065.patch + hunk_0066.patch + hunk_0067.patch + hunk_0068.patch + hunk_0069.patch + hunk_0071.patch
  [group]     test 5 hunk(s) -> fail
  [group]     test 5 hunk(s) -> fail
  [group]     test 5 hunk(s) -> fail
  [group]     test 5 hunk(s) -> fail
  [group]     test 5 hunk(s) -> fail
  [group]     test 5 hunk(s) -> fail
  [group]     test 25 hunk(s) -> fail
  [group]     test 25 hunk(s) -> fail
  [group]     test 25 hunk(s) -> fail
  [group]     test 25 hunk(s) -> fail
  [group]     test 25 hunk(s) -> fail
  [group]     test 25 hunk(s) -> fail
  [group]     test 3 hunk(s) -> fail
  [group]     test 3 hunk(s) -> fail
  [group]     test 3 hunk(s) -> fail
  [group]     test 3 hunk(s) -> fail
  [group]     test 3 hunk(s) -> fail
  [group]     test 3 hunk(s) -> fail
  [group]     test 3 hunk(s) -> fail
  [group]     test 3 hunk(s) -> fail
  [group]     test 3 hunk(s) -> fail
  [group]     test 3 hunk(s) -> fail
  [group]     test 27 hunk(s) -> fail
  [group]     test 27 hunk(s) -> fail
  [group]     test 27 hunk(s) -> fail
  [group]     test 27 hunk(s) -> fail
  [group]     test 27 hunk(s) -> fail
  [group]     test 27 hunk(s) -> fail
  [group]     test 27 hunk(s) -> fail
  [group]     test 27 hunk(s) -> fail
  [group]     test 27 hunk(s) -> fail
  [group]     test 27 hunk(s) -> PASS: hunk_0002.patch + hunk_0003.patch + hunk_0005.patch + hunk_0007.patch + hunk_0011.patch + hunk_0033.patch + hunk_0034.patch + hunk_0039.patch + hunk_0040.patch + hunk_0042.patch + hunk_0043.patch + hunk_0044.patch + hunk_0045.patch + hunk_0046.patch + hunk_0047.patch + hunk_0048.patch + hunk_0049.patch + hunk_0055.patch + hunk_0058.patch + hunk_0059.patch + hunk_0060.patch + hunk_0061.patch + hunk_0062.patch + hunk_0064.patch + hunk_0065.patch + hunk_0066.patch + hunk_0067.patch
  [group]     test 3 hunk(s) -> fail
  [group]     test 3 hunk(s) -> fail
  [group]     test 3 hunk(s) -> fail
  [group]     test 3 hunk(s) -> fail
  [group]     test 3 hunk(s) -> fail
  [group]     test 3 hunk(s) -> fail
  [group]     test 3 hunk(s) -> fail
  [group]     test 3 hunk(s) -> fail
  [group]     test 3 hunk(s) -> fail
  [group]     test 24 hunk(s) -> fail
  [group]     test 24 hunk(s) -> fail
  [group]     test 24 hunk(s) -> fail
  [group]     test 24 hunk(s) -> fail
  [group]     test 24 hunk(s) -> fail
  [group]     test 24 hunk(s) -> fail
  [group]     test 24 hunk(s) -> fail
  [group]     test 24 hunk(s) -> fail
  [group]     test 24 hunk(s) -> fail
  [group]     test 2 hunk(s) -> fail
  [group]     test 2 hunk(s) -> fail
  [group]     test 2 hunk(s) -> fail
  [group]     test 2 hunk(s) -> fail
  [group]     test 2 hunk(s) -> fail
  [group]     test 2 hunk(s) -> fail
  [group]     test 2 hunk(s) -> fail
  [group]     test 2 hunk(s) -> fail
  [group]     test 2 hunk(s) -> fail
  [group]     test 2 hunk(s) -> PASS: hunk_0058.patch + hunk_0059.patch
  [group]     test 1 hunk(s) -> PASS: hunk_0058.patch
