  [group]     test 29 hunk(s) -> PASS: hunk_0002.patch + hunk_0003.patch + hunk_0005.patch + hunk_0007.patch + hunk_0012.patch + hunk_0013.patch + hunk_0032.patch + hunk_0033.patch + hunk_0034.patch + hunk_0039.patch + hunk_0040.patch + hunk_0044.patch + hunk_0045.patch + hunk_0055.patch + hunk_0059.patch + hunk_0060.patch + hunk_0061.patch + hunk_0062.patch + hunk_0064.patch + hunk_0065.patch + hunk_0066.patch + hunk_0067.patch + hunk_0068.patch + hunk_0069.patch + hunk_0071.patch + hunk_0072.patch + hunk_0073.patch + hunk_0074.patch + hunk_0075.patch
  [group]     test 15 hunk(s) -> fail
  [group]     test 14 hunk(s) -> fail
  [group]     test 14 hunk(s) -> fail
  [group]     test 15 hunk(s) -> fail
  [group]     test 8 hunk(s) -> fail
  [group]     test 8 hunk(s) -> fail
  [group]     test 8 hunk(s) -> fail
  [group]     test 5 hunk(s) -> fail
  [group]     test 21 hunk(s) -> fail
  [group]     test 21 hunk(s) -> fail
  [group]     test 21 hunk(s) -> fail
  [group]     test 24 hunk(s) -> PASS: hunk_0002.patch + hunk_0003.patch + hunk_0005.patch + hunk_0007.patch + hunk_0012.patch + hunk_0013.patch + hunk_0032.patch + hunk_0033.patch + hunk_0034.patch + hunk_0039.patch + hunk_0040.patch + hunk_0044.patch + hunk_0045.patch + hunk_0055.patch + hunk_0059.patch + hunk_0060.patch + hunk_0061.patch + hunk_0062.patch + hunk_0064.patch + hunk_0065.patch + hunk_0066.patch + hunk_0067.patch + hunk_0068.patch + hunk_0069.patch
  [group]     test 8 hunk(s) -> fail
  [group]     test 8 hunk(s) -> fail
  [group]     test 8 hunk(s) -> fail
  [group]     test 16 hunk(s) -> fail
  [group]     test 16 hunk(s) -> fail
  [group]     test 16 hunk(s) -> fail
  [group]     test 4 hunk(s) -> fail
  [group]     test 4 hunk(s) -> fail
  [group]     test 4 hunk(s) -> fail
  [group]     test 4 hunk(s) -> fail
  [group]     test 4 hunk(s) -> fail
  [group]     test 4 hunk(s) -> fail
  [group]     test 20 hunk(s) -> fail
  [group]     test 20 hunk(s) -> fail
  [group]     test 20 hunk(s) -> fail
  [group]     test 20 hunk(s) -> fail
  [group]     test 20 hunk(s) -> fail
  [group]     test 20 hunk(s) -> fail
  [group]     test 2 hunk(s) -> fail
  [group]     test 2 hunk(s) -> fail
  [group]     test 2 hunk(s) -> fail
  [group]     test 2 hunk(s) -> fail
  [group]     test 2 hunk(s) -> fail
  [group]     test 2 hunk(s) -> PASS: hunk_0040.patch + hunk_0044.patch
  [group]     test 1 hunk(s) -> PASS: hunk_0040.patch
