1780912753514|RUN_START|total_hunks=75,build_cmd=dotnet build --no-restore
1780912753532|ITER_START|iteration=1,pending=75
1780912862686|ITER_GROUP|iteration=1,group=1,group_size=1,invocations=49,duration_ms=107964,hunks=hunk_0017.patch
1780912862690|ITER_START|iteration=2,pending=74
1780912913308|ITER_GROUP|iteration=2,group=2,group_size=1,invocations=18,duration_ms=50086,hunks=hunk_0022.patch
1780912913320|ITER_START|iteration=3,pending=73
1780913011509|ITER_GROUP|iteration=3,group=3,group_size=1,invocations=47,duration_ms=97766,hunks=hunk_0021.patch
1780913011516|ITER_START|iteration=4,pending=72
1780913110642|ITER_GROUP|iteration=4,group=4,group_size=1,invocations=38,duration_ms=98538,hunks=hunk_0023.patch
1780913110651|ITER_START|iteration=5,pending=71
1780913348939|ITER_GROUP|iteration=5,group=5,group_size=1,invocations=63,duration_ms=237502,hunks=hunk_0024.patch
1780913348951|ITER_START|iteration=6,pending=70
1780913515914|ITER_GROUP|iteration=6,group=6,group_size=1,invocations=52,duration_ms=166235,hunks=hunk_0025.patch
1780913515924|ITER_START|iteration=7,pending=69
1780913669728|ITER_GROUP|iteration=7,group=7,group_size=1,invocations=52,duration_ms=153184,hunks=hunk_0026.patch
1780913669733|ITER_START|iteration=8,pending=68
1780913840807|ITER_GROUP|iteration=8,group=8,group_size=1,invocations=52,duration_ms=170250,hunks=hunk_0027.patch
1780913840814|ITER_START|iteration=9,pending=67
1780914044232|ITER_GROUP|iteration=9,group=9,group_size=1,invocations=52,duration_ms=202714,hunks=hunk_0028.patch
1780914044245|ITER_START|iteration=10,pending=66
1780914225300|ITER_GROUP|iteration=10,group=10,group_size=1,invocations=52,duration_ms=180243,hunks=hunk_0029.patch
1780914225308|ITER_START|iteration=11,pending=65
1780914463012|ITER_GROUP|iteration=11,group=11,group_size=1,invocations=52,duration_ms=237047,hunks=hunk_0030.patch
1780914463019|ITER_START|iteration=12,pending=64
1780914627507|ITER_GROUP|iteration=12,group=12,group_size=1,invocations=51,duration_ms=163656,hunks=hunk_0036.patch
1780914627519|ITER_START|iteration=13,pending=63
1780914857411|ITER_GROUP|iteration=13,group=13,group_size=1,invocations=121,duration_ms=229239,hunks=hunk_0009.patch
1780914857420|ITER_START|iteration=14,pending=62
1780915033230|ITER_GROUP|iteration=14,group=14,group_size=1,invocations=97,duration_ms=175187,hunks=hunk_0035.patch
1780915033236|ITER_START|iteration=15,pending=61
1780915238605|ITER_GROUP|iteration=15,group=15,group_size=1,invocations=117,duration_ms=204845,hunks=hunk_0037.patch
1780915238803|ITER_START|iteration=16,pending=60
1780915473638|ITER_GROUP|iteration=16,group=16,group_size=1,invocations=141,duration_ms=234363,hunks=hunk_0038.patch
1780915473643|ITER_START|iteration=17,pending=59
1780915522034|ITER_GROUP|iteration=17,group=17,group_size=1,invocations=26,duration_ms=47976,hunks=hunk_0041.patch
1780915522038|ITER_START|iteration=18,pending=58
1780915750357|ITER_GROUP|iteration=18,group=18,group_size=1,invocations=129,duration_ms=227693,hunks=hunk_0056.patch
1780915750364|ITER_START|iteration=19,pending=57
1780916023966|ITER_GROUP|iteration=19,group=19,group_size=1,invocations=143,duration_ms=272925,hunks=hunk_0057.patch
1780916023974|ITER_START|iteration=20,pending=56
1780916440274|ITER_GROUP|iteration=20,group=20,group_size=1,invocations=247,duration_ms=415804,hunks=hunk_0006.patch
1780916440280|ITER_START|iteration=21,pending=55
1780916650307|ITER_GROUP|iteration=21,group=21,group_size=1,invocations=116,duration_ms=209523,hunks=hunk_0008.patch
1780916650313|ITER_START|iteration=22,pending=54
1780916760434|ITER_GROUP|iteration=22,group=22,group_size=4,invocations=63,duration_ms=109641,hunks=hunk_0016.patch, hunk_0018.patch, hunk_0019.patch, hunk_0020.patch
1780916760438|ITER_START|iteration=23,pending=50
1780916935729|ITER_GROUP|iteration=23,group=23,group_size=1,invocations=81,duration_ms=174659,hunks=hunk_0010.patch
1780916935735|ITER_START|iteration=24,pending=49
1780917040682|ITER_GROUP|iteration=24,group=24,group_size=1,invocations=56,duration_ms=104441,hunks=hunk_0014.patch
1780917040687|ITER_START|iteration=25,pending=48
1780917141397|ITER_GROUP|iteration=25,group=25,group_size=1,invocations=57,duration_ms=100267,hunks=hunk_0050.patch
1780917141403|ITER_START|iteration=26,pending=47
1780917341582|ITER_GROUP|iteration=26,group=26,group_size=2,invocations=113,duration_ms=199637,hunks=hunk_0051.patch, hunk_0052.patch
1780917341589|ITER_START|iteration=27,pending=45
1780917479742|ITER_GROUP|iteration=27,group=27,group_size=1,invocations=62,duration_ms=133898,hunks=hunk_0070.patch
1780917479746|ITER_START|iteration=28,pending=44
1780917797123|ITER_GROUP|iteration=28,group=28,group_size=2,invocations=113,duration_ms=316748,hunks=hunk_0053.patch, hunk_0054.patch
1780917797129|ITER_START|iteration=29,pending=42
1780918084664|ITER_GROUP|iteration=29,group=29,group_size=1,invocations=80,duration_ms=286830,hunks=hunk_0063.patch
1780918084696|ITER_START|iteration=30,pending=41
1780918496548|ITER_GROUP|iteration=30,group=30,group_size=1,invocations=180,duration_ms=410885,hunks=hunk_0001.patch
1780918496569|ITER_START|iteration=31,pending=40
1780918832552|ITER_GROUP|iteration=31,group=31,group_size=1,invocations=183,duration_ms=335329,hunks=hunk_0004.patch
1780918832556|ITER_START|iteration=32,pending=39
1780919013792|ITER_GROUP|iteration=32,group=32,group_size=1,invocations=98,duration_ms=180485,hunks=hunk_0058.patch
1780919013796|ITER_START|iteration=33,pending=38
1780919344200|ITER_GROUP|iteration=33,group=33,group_size=1,invocations=178,duration_ms=329814,hunks=hunk_0011.patch
1780919344206|ITER_START|iteration=34,pending=37
1780919412458|ITER_GROUP|iteration=34,group=34,group_size=1,invocations=35,duration_ms=67526,hunks=hunk_0015.patch
1780919412462|ITER_START|iteration=35,pending=36
1780919549201|ITER_GROUP|iteration=35,group=35,group_size=1,invocations=79,duration_ms=136210,hunks=hunk_0031.patch
1780919549204|ITER_START|iteration=36,pending=35
1780919634067|ITER_GROUP|iteration=36,group=36,group_size=1,invocations=35,duration_ms=84091,hunks=hunk_0047.patch
1780919634073|ITER_START|iteration=37,pending=34
1780919688469|ITER_GROUP|iteration=37,group=37,group_size=1,invocations=18,duration_ms=53548,hunks=hunk_0049.patch
1780919688475|ITER_START|iteration=38,pending=33
1780919804221|ITER_GROUP|iteration=38,group=38,group_size=4,invocations=45,duration_ms=114897,hunks=hunk_0042.patch, hunk_0043.patch, hunk_0046.patch, hunk_0048.patch
1780919804226|ITER_START|iteration=39,pending=29
1780919904769|ITER_GROUP|iteration=39,group=39,group_size=1,invocations=38,duration_ms=100032,hunks=hunk_0040.patch
1780919904777|ITER_START|iteration=40,pending=28
1780920001051|ITER_GROUP|iteration=40,group=40,group_size=1,invocations=38,duration_ms=95648,hunks=hunk_0044.patch
1780920001056|ITER_START|iteration=41,pending=27
1780920082524|ITER_GROUP|iteration=41,group=41,group_size=1,invocations=25,duration_ms=80613,hunks=hunk_0068.patch
1780920082530|ITER_START|iteration=42,pending=26
1780920337743|ITER_GROUP|iteration=42,group=42,group_size=1,invocations=99,duration_ms=254534,hunks=hunk_0032.patch
1780920337769|ITER_START|iteration=43,pending=25
1780920390272|ITER_GROUP|iteration=43,group=43,group_size=1,invocations=23,duration_ms=52059,hunks=hunk_0039.patch
1780920390276|ITER_START|iteration=44,pending=24
1780920459799|ITER_GROUP|iteration=44,group=44,group_size=1,invocations=35,duration_ms=69059,hunks=hunk_0012.patch
1780920459804|ITER_START|iteration=45,pending=23
1780920486576|ITER_GROUP|iteration=45,group=45,group_size=1,invocations=11,duration_ms=26295,hunks=hunk_0071.patch
1780920486581|ITER_START|iteration=46,pending=22
1780920511243|ITER_GROUP|iteration=46,group=46,group_size=1,invocations=11,duration_ms=23744,hunks=hunk_0072.patch
1780920511250|ITER_START|iteration=47,pending=21
1780920534246|ITER_GROUP|iteration=47,group=47,group_size=1,invocations=10,duration_ms=22399,hunks=hunk_0073.patch
1780920534251|ITER_START|iteration=48,pending=20
1780920578456|ITER_GROUP|iteration=48,group=48,group_size=1,invocations=22,duration_ms=43644,hunks=hunk_0075.patch
1780920578461|ITER_START|iteration=49,pending=19
1780920625539|ITER_GROUP|iteration=49,group=49,group_size=1,invocations=20,duration_ms=46342,hunks=hunk_0074.patch
1780920625545|ITER_START|iteration=50,pending=18
1780920691154|ITER_GROUP|iteration=50,group=50,group_size=1,invocations=31,duration_ms=65114,hunks=hunk_0055.patch
1780920691158|ITER_START|iteration=51,pending=17
1780920767849|ITER_GROUP|iteration=51,group=51,group_size=1,invocations=41,duration_ms=76018,hunks=hunk_0013.patch
1780920767853|ITER_START|iteration=52,pending=16
1780920808337|ITER_GROUP|iteration=52,group=52,group_size=1,invocations=18,duration_ms=39657,hunks=hunk_0045.patch
1780920808342|ITER_START|iteration=53,pending=15
1780920853540|ITER_GROUP|iteration=53,group=53,group_size=1,invocations=21,duration_ms=44426,hunks=hunk_0069.patch
1780920853545|ITER_START|iteration=54,pending=14
1780920921747|ITER_GROUP|iteration=54,group=54,group_size=1,invocations=34,duration_ms=67694,hunks=hunk_0059.patch
1780920921752|ITER_START|iteration=55,pending=13
1780920991468|ITER_GROUP|iteration=55,group=55,group_size=1,invocations=37,duration_ms=69269,hunks=hunk_0064.patch
1780920991473|ITER_START|iteration=56,pending=12
1780921140494|ITER_GROUP|iteration=56,group=56,group_size=10,invocations=84,duration_ms=148510,hunks=hunk_0002.patch, hunk_0003.patch, hunk_0005.patch, hunk_0007.patch, hunk_0033.patch, hunk_0060.patch, hunk_0061.patch, hunk_0062.patch, hunk_0065.patch, hunk_0067.patch
1780921140498|ITER_START|iteration=57,pending=2
1780921146118|ITER_GROUP|iteration=57,group=57,group_size=1,invocations=2,duration_ms=5294,hunks=hunk_0034.patch
1780921146122|ITER_START|iteration=58,pending=1
1780921149111|ITER_GROUP|iteration=58,group=58,group_size=1,invocations=1,duration_ms=2664,hunks=hunk_0066.patch
1780921149116|RUN_END|groups=58
